{"/home/kot/katsprojects/fullstackopen/submissions/part5/bloglist-frontend/src/App.jsx": {"path":"/home/kot/katsprojects/fullstackopen/submissions/part5/bloglist-frontend/src/App.jsx","statementMap":{"0":{"start":{"line":10,"column":12},"end":{"line":169,"column":1}},"1":{"start":{"line":11,"column":28},"end":{"line":11,"column":40}},"2":{"start":{"line":12,"column":26},"end":{"line":12,"column":40}},"3":{"start":{"line":13,"column":34},"end":{"line":13,"column":46}},"4":{"start":{"line":14,"column":34},"end":{"line":14,"column":46}},"5":{"start":{"line":15,"column":42},"end":{"line":15,"column":77}},"6":{"start":{"line":17,"column":22},"end":{"line":17,"column":30}},"7":{"start":{"line":19,"column":2},"end":{"line":25,"column":12}},"8":{"start":{"line":20,"column":4},"end":{"line":24,"column":5}},"9":{"start":{"line":21,"column":6},"end":{"line":23,"column":7}},"10":{"start":{"line":22,"column":8},"end":{"line":22,"column":23}},"11":{"start":{"line":27,"column":2},"end":{"line":34,"column":8}},"12":{"start":{"line":28,"column":27},"end":{"line":28,"column":68}},"13":{"start":{"line":29,"column":4},"end":{"line":33,"column":5}},"14":{"start":{"line":30,"column":19},"end":{"line":30,"column":45}},"15":{"start":{"line":31,"column":6},"end":{"line":31,"column":38}},"16":{"start":{"line":32,"column":6},"end":{"line":32,"column":19}},"17":{"start":{"line":36,"column":31},"end":{"line":38,"column":3}},"18":{"start":{"line":37,"column":4},"end":{"line":37,"column":35}},"19":{"start":{"line":40,"column":31},"end":{"line":42,"column":3}},"20":{"start":{"line":41,"column":4},"end":{"line":41,"column":35}},"21":{"start":{"line":44,"column":27},"end":{"line":49,"column":3}},"22":{"start":{"line":45,"column":4},"end":{"line":45,"column":38}},"23":{"start":{"line":46,"column":4},"end":{"line":48,"column":12}},"24":{"start":{"line":47,"column":6},"end":{"line":47,"column":48}},"25":{"start":{"line":51,"column":22},"end":{"line":76,"column":3}},"26":{"start":{"line":52,"column":4},"end":{"line":52,"column":26}},"27":{"start":{"line":53,"column":4},"end":{"line":75,"column":5}},"28":{"start":{"line":54,"column":19},"end":{"line":56,"column":8}},"29":{"start":{"line":58,"column":6},"end":{"line":58,"column":19}},"30":{"start":{"line":59,"column":6},"end":{"line":61,"column":7}},"31":{"start":{"line":62,"column":6},"end":{"line":62,"column":38}},"32":{"start":{"line":63,"column":6},"end":{"line":63,"column":21}},"33":{"start":{"line":64,"column":6},"end":{"line":64,"column":21}},"34":{"start":{"line":65,"column":6},"end":{"line":65,"column":53}},"35":{"start":{"line":67,"column":6},"end":{"line":74,"column":7}},"36":{"start":{"line":68,"column":8},"end":{"line":71,"column":16}},"37":{"start":{"line":73,"column":8},"end":{"line":73,"column":52}},"38":{"start":{"line":78,"column":23},"end":{"line":82,"column":3}},"39":{"start":{"line":79,"column":4},"end":{"line":79,"column":30}},"40":{"start":{"line":80,"column":4},"end":{"line":80,"column":17}},"41":{"start":{"line":81,"column":4},"end":{"line":81,"column":31}},"42":{"start":{"line":84,"column":18},"end":{"line":100,"column":3}},"43":{"start":{"line":85,"column":4},"end":{"line":85,"column":42}},"44":{"start":{"line":86,"column":4},"end":{"line":99,"column":5}},"45":{"start":{"line":87,"column":26},"end":{"line":87,"column":59}},"46":{"start":{"line":88,"column":6},"end":{"line":95,"column":9}},"47":{"start":{"line":96,"column":6},"end":{"line":96,"column":91}},"48":{"start":{"line":98,"column":6},"end":{"line":98,"column":83}},"49":{"start":{"line":102,"column":25},"end":{"line":119,"column":3}},"50":{"start":{"line":103,"column":24},"end":{"line":107,"column":6}},"51":{"start":{"line":109,"column":21},"end":{"line":116,"column":5}},"52":{"start":{"line":118,"column":4},"end":{"line":118,"column":68}},"53":{"start":{"line":118,"column":28},"end":{"line":118,"column":66}},"54":{"start":{"line":121,"column":21},"end":{"line":126,"column":3}},"55":{"start":{"line":122,"column":4},"end":{"line":125,"column":5}},"56":{"start":{"line":123,"column":6},"end":{"line":123,"column":39}},"57":{"start":{"line":124,"column":6},"end":{"line":124,"column":51}},"58":{"start":{"line":124,"column":33},"end":{"line":124,"column":49}},"59":{"start":{"line":128,"column":25},"end":{"line":136,"column":3}},"60":{"start":{"line":129,"column":4},"end":{"line":135,"column":5}},"61":{"start":{"line":138,"column":29},"end":{"line":138,"column":68}},"62":{"start":{"line":138,"column":50},"end":{"line":138,"column":67}},"63":{"start":{"line":140,"column":2},"end":{"line":154,"column":3}},"64":{"start":{"line":141,"column":4},"end":{"line":153,"column":5}},"65":{"start":{"line":156,"column":2},"end":{"line":168,"column":3}},"66":{"start":{"line":165,"column":8},"end":{"line":165,"column":104}}},"fnMap":{"0":{"name":"(anonymous_0)","decl":{"start":{"line":10,"column":12},"end":{"line":10,"column":13}},"loc":{"start":{"line":10,"column":18},"end":{"line":169,"column":1}},"line":10},"1":{"name":"(anonymous_1)","decl":{"start":{"line":19,"column":12},"end":{"line":19,"column":13}},"loc":{"start":{"line":19,"column":18},"end":{"line":25,"column":3}},"line":19},"2":{"name":"(anonymous_2)","decl":{"start":{"line":21,"column":32},"end":{"line":21,"column":33}},"loc":{"start":{"line":22,"column":8},"end":{"line":22,"column":23}},"line":22},"3":{"name":"(anonymous_3)","decl":{"start":{"line":27,"column":12},"end":{"line":27,"column":13}},"loc":{"start":{"line":27,"column":18},"end":{"line":34,"column":3}},"line":27},"4":{"name":"(anonymous_4)","decl":{"start":{"line":36,"column":31},"end":{"line":36,"column":32}},"loc":{"start":{"line":36,"column":42},"end":{"line":38,"column":3}},"line":36},"5":{"name":"(anonymous_5)","decl":{"start":{"line":40,"column":31},"end":{"line":40,"column":32}},"loc":{"start":{"line":40,"column":42},"end":{"line":42,"column":3}},"line":40},"6":{"name":"(anonymous_6)","decl":{"start":{"line":44,"column":27},"end":{"line":44,"column":28}},"loc":{"start":{"line":44,"column":46},"end":{"line":49,"column":3}},"line":44},"7":{"name":"(anonymous_7)","decl":{"start":{"line":46,"column":15},"end":{"line":46,"column":16}},"loc":{"start":{"line":46,"column":21},"end":{"line":48,"column":5}},"line":46},"8":{"name":"(anonymous_8)","decl":{"start":{"line":51,"column":22},"end":{"line":51,"column":23}},"loc":{"start":{"line":51,"column":39},"end":{"line":76,"column":3}},"line":51},"9":{"name":"(anonymous_9)","decl":{"start":{"line":78,"column":23},"end":{"line":78,"column":24}},"loc":{"start":{"line":78,"column":29},"end":{"line":82,"column":3}},"line":78},"10":{"name":"(anonymous_10)","decl":{"start":{"line":84,"column":18},"end":{"line":84,"column":19}},"loc":{"start":{"line":84,"column":37},"end":{"line":100,"column":3}},"line":84},"11":{"name":"(anonymous_11)","decl":{"start":{"line":102,"column":25},"end":{"line":102,"column":26}},"loc":{"start":{"line":102,"column":41},"end":{"line":119,"column":3}},"line":102},"12":{"name":"(anonymous_12)","decl":{"start":{"line":118,"column":23},"end":{"line":118,"column":24}},"loc":{"start":{"line":118,"column":28},"end":{"line":118,"column":66}},"line":118},"13":{"name":"(anonymous_13)","decl":{"start":{"line":121,"column":21},"end":{"line":121,"column":22}},"loc":{"start":{"line":121,"column":37},"end":{"line":126,"column":3}},"line":121},"14":{"name":"(anonymous_14)","decl":{"start":{"line":124,"column":28},"end":{"line":124,"column":29}},"loc":{"start":{"line":124,"column":33},"end":{"line":124,"column":49}},"line":124},"15":{"name":"(anonymous_15)","decl":{"start":{"line":128,"column":25},"end":{"line":128,"column":26}},"loc":{"start":{"line":128,"column":31},"end":{"line":136,"column":3}},"line":128},"16":{"name":"(anonymous_16)","decl":{"start":{"line":138,"column":40},"end":{"line":138,"column":41}},"loc":{"start":{"line":138,"column":50},"end":{"line":138,"column":67}},"line":138},"17":{"name":"(anonymous_17)","decl":{"start":{"line":164,"column":30},"end":{"line":164,"column":31}},"loc":{"start":{"line":165,"column":8},"end":{"line":165,"column":104}},"line":165}},"branchMap":{"0":{"loc":{"start":{"line":20,"column":4},"end":{"line":24,"column":5}},"type":"if","locations":[{"start":{"line":20,"column":4},"end":{"line":24,"column":5}},{"start":{},"end":{}}],"line":20},"1":{"loc":{"start":{"line":29,"column":4},"end":{"line":33,"column":5}},"type":"if","locations":[{"start":{"line":29,"column":4},"end":{"line":33,"column":5}},{"start":{},"end":{}}],"line":29},"2":{"loc":{"start":{"line":67,"column":6},"end":{"line":74,"column":7}},"type":"if","locations":[{"start":{"line":67,"column":6},"end":{"line":74,"column":7}},{"start":{"line":72,"column":13},"end":{"line":74,"column":7}}],"line":67},"3":{"loc":{"start":{"line":68,"column":25},"end":{"line":70,"column":29}},"type":"cond-expr","locations":[{"start":{"line":69,"column":12},"end":{"line":69,"column":41}},{"start":{"line":70,"column":12},"end":{"line":70,"column":29}}],"line":68},"4":{"loc":{"start":{"line":98,"column":23},"end":{"line":98,"column":73}},"type":"binary-expr","locations":[{"start":{"line":98,"column":23},"end":{"line":98,"column":52}},{"start":{"line":98,"column":56},"end":{"line":98,"column":73}}],"line":98},"5":{"loc":{"start":{"line":118,"column":28},"end":{"line":118,"column":66}},"type":"cond-expr","locations":[{"start":{"line":118,"column":54},"end":{"line":118,"column":62}},{"start":{"line":118,"column":65},"end":{"line":118,"column":66}}],"line":118},"6":{"loc":{"start":{"line":122,"column":4},"end":{"line":125,"column":5}},"type":"if","locations":[{"start":{"line":122,"column":4},"end":{"line":125,"column":5}},{"start":{},"end":{}}],"line":122},"7":{"loc":{"start":{"line":140,"column":2},"end":{"line":154,"column":3}},"type":"if","locations":[{"start":{"line":140,"column":2},"end":{"line":154,"column":3}},{"start":{},"end":{}}],"line":140}},"s":{"0":0,"1":0,"2":0,"3":0,"4":0,"5":0,"6":0,"7":0,"8":0,"9":0,"10":0,"11":0,"12":0,"13":0,"14":0,"15":0,"16":0,"17":0,"18":0,"19":0,"20":0,"21":0,"22":0,"23":0,"24":0,"25":0,"26":0,"27":0,"28":0,"29":0,"30":0,"31":0,"32":0,"33":0,"34":0,"35":0,"36":0,"37":0,"38":0,"39":0,"40":0,"41":0,"42":0,"43":0,"44":0,"45":0,"46":0,"47":0,"48":0,"49":0,"50":0,"51":0,"52":0,"53":0,"54":0,"55":0,"56":0,"57":0,"58":0,"59":0,"60":0,"61":0,"62":0,"63":0,"64":0,"65":0,"66":0},"f":{"0":0,"1":0,"2":0,"3":0,"4":0,"5":0,"6":0,"7":0,"8":0,"9":0,"10":0,"11":0,"12":0,"13":0,"14":0,"15":0,"16":0,"17":0},"b":{"0":[0,0],"1":[0,0],"2":[0,0],"3":[0,0],"4":[0,0],"5":[0,0],"6":[0,0],"7":[0,0]}}
,"/home/kot/katsprojects/fullstackopen/submissions/part5/bloglist-frontend/src/main.jsx": {"path":"/home/kot/katsprojects/fullstackopen/submissions/part5/bloglist-frontend/src/main.jsx","statementMap":{"0":{"start":{"line":4,"column":0},"end":{"line":4,"column":68}}},"fnMap":{},"branchMap":{},"s":{"0":0},"f":{},"b":{}}
,"/home/kot/katsprojects/fullstackopen/submissions/part5/bloglist-frontend/src/components/Blog.jsx": {"path":"/home/kot/katsprojects/fullstackopen/submissions/part5/bloglist-frontend/src/components/Blog.jsx","statementMap":{"0":{"start":{"line":4,"column":13},"end":{"line":29,"column":1}},"1":{"start":{"line":5,"column":32},"end":{"line":5,"column":47}},"2":{"start":{"line":6,"column":26},"end":{"line":6,"column":60}},"3":{"start":{"line":8,"column":27},"end":{"line":10,"column":3}},"4":{"start":{"line":9,"column":4},"end":{"line":9,"column":24}},"5":{"start":{"line":12,"column":2},"end":{"line":28,"column":3}},"6":{"start":{"line":19,"column":57},"end":{"line":19,"column":72}},"7":{"start":{"line":23,"column":35},"end":{"line":23,"column":51}},"8":{"start":{"line":31,"column":0},"end":{"line":36,"column":1}}},"fnMap":{"0":{"name":"(anonymous_0)","decl":{"start":{"line":4,"column":13},"end":{"line":4,"column":14}},"loc":{"start":{"line":4,"column":55},"end":{"line":29,"column":1}},"line":4},"1":{"name":"(anonymous_1)","decl":{"start":{"line":8,"column":27},"end":{"line":8,"column":28}},"loc":{"start":{"line":8,"column":33},"end":{"line":10,"column":3}},"line":8},"2":{"name":"(anonymous_2)","decl":{"start":{"line":19,"column":49},"end":{"line":19,"column":50}},"loc":{"start":{"line":19,"column":55},"end":{"line":19,"column":73}},"line":19},"3":{"name":"(anonymous_3)","decl":{"start":{"line":23,"column":29},"end":{"line":23,"column":30}},"loc":{"start":{"line":23,"column":35},"end":{"line":23,"column":51}},"line":23}},"branchMap":{"0":{"loc":{"start":{"line":6,"column":37},"end":{"line":6,"column":58}},"type":"cond-expr","locations":[{"start":{"line":6,"column":47},"end":{"line":6,"column":49}},{"start":{"line":6,"column":52},"end":{"line":6,"column":58}}],"line":6},"1":{"loc":{"start":{"line":14,"column":69},"end":{"line":14,"column":94}},"type":"cond-expr","locations":[{"start":{"line":14,"column":79},"end":{"line":14,"column":85}},{"start":{"line":14,"column":88},"end":{"line":14,"column":94}}],"line":14},"2":{"loc":{"start":{"line":22,"column":11},"end":{"line":24,"column":11}},"type":"binary-expr","locations":[{"start":{"line":22,"column":11},"end":{"line":22,"column":39}},{"start":{"line":23,"column":12},"end":{"line":23,"column":68}}],"line":22}},"s":{"0":1,"1":8,"2":8,"3":8,"4":3,"5":8,"6":2,"7":1,"8":1},"f":{"0":8,"1":3,"2":2,"3":1},"b":{"0":[3,5],"1":[3,5],"2":[8,8]},"_coverageSchema":"1a1c01bbd47fc00a2c39e90264f33305004495a9","hash":"14a28c8b9f4d97b48acac1ce89d24d3935915021"}
,"/home/kot/katsprojects/fullstackopen/submissions/part5/bloglist-frontend/src/components/BlogForm.jsx": {"path":"/home/kot/katsprojects/fullstackopen/submissions/part5/bloglist-frontend/src/components/BlogForm.jsx","statementMap":{"0":{"start":{"line":4,"column":17},"end":{"line":51,"column":1}},"1":{"start":{"line":5,"column":32},"end":{"line":9,"column":4}},"2":{"start":{"line":11,"column":32},"end":{"line":13,"column":3}},"3":{"start":{"line":12,"column":4},"end":{"line":12,"column":71}},"4":{"start":{"line":15,"column":18},"end":{"line":19,"column":3}},"5":{"start":{"line":16,"column":4},"end":{"line":16,"column":26}},"6":{"start":{"line":17,"column":4},"end":{"line":17,"column":23}},"7":{"start":{"line":18,"column":4},"end":{"line":18,"column":19}},"8":{"start":{"line":21,"column":24},"end":{"line":27,"column":3}},"9":{"start":{"line":22,"column":4},"end":{"line":26,"column":6}},"10":{"start":{"line":29,"column":2},"end":{"line":50,"column":3}},"11":{"start":{"line":53,"column":0},"end":{"line":55,"column":1}}},"fnMap":{"0":{"name":"(anonymous_0)","decl":{"start":{"line":4,"column":17},"end":{"line":4,"column":18}},"loc":{"start":{"line":4,"column":37},"end":{"line":51,"column":1}},"line":4},"1":{"name":"(anonymous_1)","decl":{"start":{"line":11,"column":32},"end":{"line":11,"column":33}},"loc":{"start":{"line":11,"column":43},"end":{"line":13,"column":3}},"line":11},"2":{"name":"(anonymous_2)","decl":{"start":{"line":15,"column":18},"end":{"line":15,"column":19}},"loc":{"start":{"line":15,"column":35},"end":{"line":19,"column":3}},"line":15},"3":{"name":"(anonymous_3)","decl":{"start":{"line":21,"column":24},"end":{"line":21,"column":25}},"loc":{"start":{"line":21,"column":30},"end":{"line":27,"column":3}},"line":21}},"branchMap":{},"s":{"0":1,"1":110,"2":110,"3":107,"4":110,"5":1,"6":1,"7":1,"8":110,"9":1,"10":110,"11":1},"f":{"0":110,"1":107,"2":1,"3":1},"b":{},"_coverageSchema":"1a1c01bbd47fc00a2c39e90264f33305004495a9","hash":"87b3f36dd87a84c5bb56d589bd0304ea42632496"}
,"/home/kot/katsprojects/fullstackopen/submissions/part5/bloglist-frontend/src/components/LoginForm.jsx": {"path":"/home/kot/katsprojects/fullstackopen/submissions/part5/bloglist-frontend/src/components/LoginForm.jsx","statementMap":{"0":{"start":{"line":3,"column":18},"end":{"line":34,"column":1}},"1":{"start":{"line":10,"column":2},"end":{"line":33,"column":3}},"2":{"start":{"line":36,"column":0},"end":{"line":42,"column":1}}},"fnMap":{"0":{"name":"(anonymous_0)","decl":{"start":{"line":3,"column":18},"end":{"line":3,"column":19}},"loc":{"start":{"line":9,"column":6},"end":{"line":34,"column":1}},"line":9}},"branchMap":{},"s":{"0":0,"1":0,"2":0},"f":{"0":0},"b":{}}
,"/home/kot/katsprojects/fullstackopen/submissions/part5/bloglist-frontend/src/components/Notification.jsx": {"path":"/home/kot/katsprojects/fullstackopen/submissions/part5/bloglist-frontend/src/components/Notification.jsx","statementMap":{"0":{"start":{"line":3,"column":21},"end":{"line":18,"column":1}},"1":{"start":{"line":4,"column":2},"end":{"line":6,"column":3}},"2":{"start":{"line":5,"column":4},"end":{"line":5,"column":10}},"3":{"start":{"line":12,"column":2},"end":{"line":17,"column":3}},"4":{"start":{"line":20,"column":0},"end":{"line":23,"column":1}}},"fnMap":{"0":{"name":"(anonymous_0)","decl":{"start":{"line":3,"column":21},"end":{"line":3,"column":22}},"loc":{"start":{"line":3,"column":44},"end":{"line":18,"column":1}},"line":3}},"branchMap":{"0":{"loc":{"start":{"line":4,"column":2},"end":{"line":6,"column":3}},"type":"if","locations":[{"start":{"line":4,"column":2},"end":{"line":6,"column":3}},{"start":{},"end":{}}],"line":4},"1":{"loc":{"start":{"line":14,"column":36},"end":{"line":14,"column":100}},"type":"cond-expr","locations":[{"start":{"line":14,"column":55},"end":{"line":14,"column":75}},{"start":{"line":14,"column":78},"end":{"line":14,"column":100}}],"line":14}},"s":{"0":1,"1":1,"2":0,"3":1,"4":1},"f":{"0":1},"b":{"0":[0,1],"1":[0,1]},"_coverageSchema":"1a1c01bbd47fc00a2c39e90264f33305004495a9","hash":"8c9213a0f2f4e4725d78b1c46c603b072ffec39a"}
,"/home/kot/katsprojects/fullstackopen/submissions/part5/bloglist-frontend/src/components/Togglable.jsx": {"path":"/home/kot/katsprojects/fullstackopen/submissions/part5/bloglist-frontend/src/components/Togglable.jsx","statementMap":{"0":{"start":{"line":4,"column":18},"end":{"line":31,"column":2}},"1":{"start":{"line":5,"column":32},"end":{"line":5,"column":47}},"2":{"start":{"line":7,"column":26},"end":{"line":7,"column":60}},"3":{"start":{"line":8,"column":26},"end":{"line":8,"column":60}},"4":{"start":{"line":10,"column":27},"end":{"line":12,"column":3}},"5":{"start":{"line":11,"column":4},"end":{"line":11,"column":24}},"6":{"start":{"line":14,"column":2},"end":{"line":18,"column":4}},"7":{"start":{"line":15,"column":4},"end":{"line":17,"column":5}},"8":{"start":{"line":20,"column":2},"end":{"line":30,"column":3}},"9":{"start":{"line":33,"column":0},"end":{"line":36,"column":1}},"10":{"start":{"line":38,"column":0},"end":{"line":38,"column":35}}},"fnMap":{"0":{"name":"(anonymous_0)","decl":{"start":{"line":4,"column":29},"end":{"line":4,"column":30}},"loc":{"start":{"line":4,"column":46},"end":{"line":31,"column":1}},"line":4},"1":{"name":"(anonymous_1)","decl":{"start":{"line":10,"column":27},"end":{"line":10,"column":28}},"loc":{"start":{"line":10,"column":33},"end":{"line":12,"column":3}},"line":10},"2":{"name":"(anonymous_2)","decl":{"start":{"line":14,"column":28},"end":{"line":14,"column":29}},"loc":{"start":{"line":14,"column":34},"end":{"line":18,"column":3}},"line":14}},"branchMap":{"0":{"loc":{"start":{"line":7,"column":37},"end":{"line":7,"column":58}},"type":"cond-expr","locations":[{"start":{"line":7,"column":47},"end":{"line":7,"column":53}},{"start":{"line":7,"column":56},"end":{"line":7,"column":58}}],"line":7},"1":{"loc":{"start":{"line":8,"column":37},"end":{"line":8,"column":58}},"type":"cond-expr","locations":[{"start":{"line":8,"column":47},"end":{"line":8,"column":49}},{"start":{"line":8,"column":52},"end":{"line":8,"column":58}}],"line":8}},"s":{"0":0,"1":0,"2":0,"3":0,"4":0,"5":0,"6":0,"7":0,"8":0,"9":0,"10":0},"f":{"0":0,"1":0,"2":0},"b":{"0":[0,0],"1":[0,0]}}
,"/home/kot/katsprojects/fullstackopen/submissions/part5/bloglist-frontend/src/services/blogs.js": {"path":"/home/kot/katsprojects/fullstackopen/submissions/part5/bloglist-frontend/src/services/blogs.js","statementMap":{"0":{"start":{"line":2,"column":16},"end":{"line":2,"column":28}},"1":{"start":{"line":4,"column":12},"end":{"line":4,"column":16}},"2":{"start":{"line":6,"column":17},"end":{"line":8,"column":1}},"3":{"start":{"line":7,"column":2},"end":{"line":7,"column":30}},"4":{"start":{"line":10,"column":15},"end":{"line":17,"column":1}},"5":{"start":{"line":11,"column":19},"end":{"line":15,"column":4}},"6":{"start":{"line":16,"column":2},"end":{"line":16,"column":22}},"7":{"start":{"line":19,"column":15},"end":{"line":26,"column":1}},"8":{"start":{"line":20,"column":19},"end":{"line":24,"column":4}},"9":{"start":{"line":25,"column":2},"end":{"line":25,"column":22}},"10":{"start":{"line":28,"column":15},"end":{"line":35,"column":1}},"11":{"start":{"line":29,"column":19},"end":{"line":33,"column":4}},"12":{"start":{"line":34,"column":2},"end":{"line":34,"column":22}},"13":{"start":{"line":37,"column":15},"end":{"line":45,"column":1}},"14":{"start":{"line":38,"column":19},"end":{"line":42,"column":4}},"15":{"start":{"line":44,"column":2},"end":{"line":44,"column":22}}},"fnMap":{"0":{"name":"(anonymous_0)","decl":{"start":{"line":6,"column":17},"end":{"line":6,"column":18}},"loc":{"start":{"line":6,"column":29},"end":{"line":8,"column":1}},"line":6},"1":{"name":"(anonymous_1)","decl":{"start":{"line":10,"column":15},"end":{"line":10,"column":16}},"loc":{"start":{"line":10,"column":27},"end":{"line":17,"column":1}},"line":10},"2":{"name":"(anonymous_2)","decl":{"start":{"line":19,"column":15},"end":{"line":19,"column":16}},"loc":{"start":{"line":19,"column":32},"end":{"line":26,"column":1}},"line":19},"3":{"name":"(anonymous_3)","decl":{"start":{"line":28,"column":15},"end":{"line":28,"column":16}},"loc":{"start":{"line":28,"column":43},"end":{"line":35,"column":1}},"line":28},"4":{"name":"(anonymous_4)","decl":{"start":{"line":37,"column":15},"end":{"line":37,"column":16}},"loc":{"start":{"line":37,"column":27},"end":{"line":45,"column":1}},"line":37}},"branchMap":{},"s":{"0":0,"1":0,"2":0,"3":0,"4":0,"5":0,"6":0,"7":0,"8":0,"9":0,"10":0,"11":0,"12":0,"13":0,"14":0,"15":0},"f":{"0":0,"1":0,"2":0,"3":0,"4":0},"b":{}}
,"/home/kot/katsprojects/fullstackopen/submissions/part5/bloglist-frontend/src/services/login.js": {"path":"/home/kot/katsprojects/fullstackopen/submissions/part5/bloglist-frontend/src/services/login.js","statementMap":{"0":{"start":{"line":2,"column":16},"end":{"line":2,"column":28}},"1":{"start":{"line":4,"column":14},"end":{"line":7,"column":1}},"2":{"start":{"line":5,"column":19},"end":{"line":5,"column":57}},"3":{"start":{"line":6,"column":2},"end":{"line":6,"column":22}}},"fnMap":{"0":{"name":"(anonymous_0)","decl":{"start":{"line":4,"column":14},"end":{"line":4,"column":15}},"loc":{"start":{"line":4,"column":35},"end":{"line":7,"column":1}},"line":4}},"branchMap":{},"s":{"0":0,"1":0,"2":0,"3":0},"f":{"0":0},"b":{}}
}
